0 info it worked if it ends with ok
1 verbose cli [ 'node', '/usr/local/bin/npm', 'install', 'jasmine', '-g' ]
2 info using npm@1.4.28
3 info using node@v0.10.33
4 verbose node symlink /usr/bin/node
5 verbose cache add [ 'jasmine', null ]
6 verbose cache add name=undefined spec="jasmine" args=["jasmine",null]
7 verbose parsed url { protocol: null,
7 verbose parsed url   slashes: null,
7 verbose parsed url   auth: null,
7 verbose parsed url   host: null,
7 verbose parsed url   port: null,
7 verbose parsed url   hostname: null,
7 verbose parsed url   hash: null,
7 verbose parsed url   search: null,
7 verbose parsed url   query: null,
7 verbose parsed url   pathname: 'jasmine',
7 verbose parsed url   path: 'jasmine',
7 verbose parsed url   href: 'jasmine' }
8 silly lockFile 5bfd08bd-jasmine jasmine
9 verbose lock jasmine /Users/alex/.npm/5bfd08bd-jasmine.lock
10 silly lockFile 5bfd08bd-jasmine jasmine
11 silly lockFile 5bfd08bd-jasmine jasmine
12 verbose addNamed [ 'jasmine', '' ]
13 verbose addNamed [ null, '*' ]
14 silly lockFile fdd358a6-jasmine jasmine@
15 verbose lock jasmine@ /Users/alex/.npm/fdd358a6-jasmine.lock
16 silly addNameRange { name: 'jasmine', range: '*', hasData: false }
17 verbose request where is /jasmine
18 verbose request registry https://registry.npmjs.org/
19 verbose request id cbf1e6f9f12d13a9
20 verbose url raw /jasmine
21 verbose url resolving [ 'https://registry.npmjs.org/', './jasmine' ]
22 verbose url resolved https://registry.npmjs.org/jasmine
23 verbose request where is https://registry.npmjs.org/jasmine
24 info trying registry request attempt 1 at 21:02:49
25 verbose etag "E0W1EPVTMDD988H6IZPZNO6C3"
26 http GET https://registry.npmjs.org/jasmine
27 http 304 https://registry.npmjs.org/jasmine
28 silly registry.get cb [ 304,
28 silly registry.get   { date: 'Sat, 25 Jul 2015 20:02:49 GMT',
28 silly registry.get     via: '1.1 varnish',
28 silly registry.get     'cache-control': 'max-age=60',
28 silly registry.get     etag: '"E0W1EPVTMDD988H6IZPZNO6C3"',
28 silly registry.get     age: '1',
28 silly registry.get     connection: 'keep-alive',
28 silly registry.get     'x-served-by': 'cache-fra1233-FRA',
28 silly registry.get     'x-cache': 'HIT',
28 silly registry.get     'x-cache-hits': '1',
28 silly registry.get     'x-timer': 'S1437854569.837448,VS0,VE0',
28 silly registry.get     vary: 'Accept' } ]
29 verbose etag https://registry.npmjs.org/jasmine from cache
30 silly addNameRange number 2 { name: 'jasmine', range: '*', hasData: true }
31 silly addNameRange versions [ 'jasmine',
31 silly addNameRange   [ '2.0.1', '2.1.0', '2.1.1', '2.2.0', '2.2.1', '2.3.0', '2.3.1' ] ]
32 verbose addNamed [ 'jasmine', '2.3.1' ]
33 verbose addNamed [ '2.3.1', '2.3.1' ]
34 silly lockFile c5df5fbd-jasmine-2-3-1 jasmine@2.3.1
35 verbose lock jasmine@2.3.1 /Users/alex/.npm/c5df5fbd-jasmine-2-3-1.lock
36 silly lockFile c5df5fbd-jasmine-2-3-1 jasmine@2.3.1
37 silly lockFile c5df5fbd-jasmine-2-3-1 jasmine@2.3.1
38 silly lockFile fdd358a6-jasmine jasmine@
39 silly lockFile fdd358a6-jasmine jasmine@
40 error Error: EACCES, open '/Users/alex/.npm/jasmine/2.3.1/package/package.json.4644'
40 error  { [Error: EACCES, open '/Users/alex/.npm/jasmine/2.3.1/package/package.json.4644']
40 error   errno: 3,
40 error   code: 'EACCES',
40 error   path: '/Users/alex/.npm/jasmine/2.3.1/package/package.json.4644' }
41 error Please try running this command again as root/Administrator.
42 error System Darwin 13.1.0
43 error command "node" "/usr/local/bin/npm" "install" "jasmine" "-g"
44 error cwd /Users/alex/Documents/Development/mydev/stopwatch
45 error node -v v0.10.33
46 error npm -v 1.4.28
47 error path /Users/alex/.npm/jasmine/2.3.1/package/package.json.4644
48 error code EACCES
49 error errno 3
50 error stack Error: EACCES, open '/Users/alex/.npm/jasmine/2.3.1/package/package.json.4644'
51 verbose exit [ 3, true ]
